C:\USERS\PATRYK\DOCUMENTS\GITHUB\TANKS-WAR\RELEASE\TANKS-WAR - CLIENT.EXE
C:\USERS\PATRYK\DOCUMENTS\GITHUB\TANKS-WAR\RELEASE\TANKS-WAR - CLIENT.PDB
C:\USERS\PATRYK\DOCUMENTS\GITHUB\TANKS-WAR\TANKS-WAR\RELEASE\BULLET.OBJ
C:\Users\Patryk\Documents\GitHub\Tanks-War\tanks-war\Release\cl.command.1.tlog
C:\Users\Patryk\Documents\GitHub\Tanks-War\tanks-war\Release\CL.read.1.tlog
C:\Users\Patryk\Documents\GitHub\Tanks-War\tanks-war\Release\CL.write.1.tlog
C:\USERS\PATRYK\DOCUMENTS\GITHUB\TANKS-WAR\TANKS-WAR\RELEASE\GAME.OBJ
C:\USERS\PATRYK\DOCUMENTS\GITHUB\TANKS-WAR\TANKS-WAR\RELEASE\GAMEMANAGER.OBJ
C:\USERS\PATRYK\DOCUMENTS\GITHUB\TANKS-WAR\TANKS-WAR\RELEASE\JOINGAMELOBBY.OBJ
C:\Users\Patryk\Documents\GitHub\Tanks-War\tanks-war\Release\link.command.1.tlog
C:\Users\Patryk\Documents\GitHub\Tanks-War\tanks-war\Release\link.read.1.tlog
C:\Users\Patryk\Documents\GitHub\Tanks-War\tanks-war\Release\link.write.1.tlog
C:\USERS\PATRYK\DOCUMENTS\GITHUB\TANKS-WAR\TANKS-WAR\RELEASE\LOADCONTENT.OBJ
C:\USERS\PATRYK\DOCUMENTS\GITHUB\TANKS-WAR\TANKS-WAR\RELEASE\MAIN.OBJ
C:\USERS\PATRYK\DOCUMENTS\GITHUB\TANKS-WAR\TANKS-WAR\RELEASE\MAINMENU.OBJ
C:\Users\Patryk\Documents\GitHub\Tanks-War\tanks-war\Release\mt.command.1.tlog
C:\Users\Patryk\Documents\GitHub\Tanks-War\tanks-war\Release\mt.read.1.tlog
C:\Users\Patryk\Documents\GitHub\Tanks-War\tanks-war\Release\mt.write.1.tlog
C:\USERS\PATRYK\DOCUMENTS\GITHUB\TANKS-WAR\TANKS-WAR\RELEASE\OPTIONSMENU.OBJ
C:\USERS\PATRYK\DOCUMENTS\GITHUB\TANKS-WAR\TANKS-WAR\RELEASE\PLAYER.OBJ
C:\USERS\PATRYK\DOCUMENTS\GITHUB\TANKS-WAR\TANKS-WAR\RELEASE\RESOURCEMANAGER.OBJ
C:\USERS\PATRYK\DOCUMENTS\GITHUB\TANKS-WAR\TANKS-WAR\RELEASE\STDAFX.OBJ
C:\USERS\PATRYK\DOCUMENTS\GITHUB\TANKS-WAR\TANKS-WAR\RELEASE\TANKS-WAR - CLIENT.EXE.INTERMEDIATE.MANIFEST
C:\USERS\PATRYK\DOCUMENTS\GITHUB\TANKS-WAR\TANKS-WAR\RELEASE\TANKS-WAR - CLIENT.PCH
C:\USERS\PATRYK\DOCUMENTS\GITHUB\TANKS-WAR\TANKS-WAR\RELEASE\TEXTBOX.OBJ
C:\USERS\PATRYK\DOCUMENTS\GITHUB\TANKS-WAR\TANKS-WAR\RELEASE\TINYSTR.OBJ
C:\USERS\PATRYK\DOCUMENTS\GITHUB\TANKS-WAR\TANKS-WAR\RELEASE\TINYXML.OBJ
C:\USERS\PATRYK\DOCUMENTS\GITHUB\TANKS-WAR\TANKS-WAR\RELEASE\TINYXMLERROR.OBJ
C:\USERS\PATRYK\DOCUMENTS\GITHUB\TANKS-WAR\TANKS-WAR\RELEASE\TINYXMLPARSER.OBJ
C:\USERS\PATRYK\DOCUMENTS\GITHUB\TANKS-WAR\TANKS-WAR\RELEASE\VC100.PDB
