C:\USERS\PATRYK\DOCUMENTS\VISUAL STUDIO 2010\PROJECTS\TANKS-WAR\DEBUG\TANKS-WAR.EXE
C:\USERS\PATRYK\DOCUMENTS\VISUAL STUDIO 2010\PROJECTS\TANKS-WAR\DEBUG\TANKS-WAR.ILK
C:\USERS\PATRYK\DOCUMENTS\VISUAL STUDIO 2010\PROJECTS\TANKS-WAR\DEBUG\TANKS-WAR.PDB
c:\Users\Patryk\documents\visual studio 2010\Projects\tanks-war\tanks-war\Debug\cl.command.1.tlog
c:\Users\Patryk\documents\visual studio 2010\Projects\tanks-war\tanks-war\Debug\CL.read.1.tlog
c:\Users\Patryk\documents\visual studio 2010\Projects\tanks-war\tanks-war\Debug\CL.write.1.tlog
c:\Users\Patryk\documents\visual studio 2010\Projects\tanks-war\tanks-war\Debug\link.5400.read.1.tlog
c:\Users\Patryk\documents\visual studio 2010\Projects\tanks-war\tanks-war\Debug\link.5400.read.2.tlog
c:\Users\Patryk\documents\visual studio 2010\Projects\tanks-war\tanks-war\Debug\link.5400.write.1.tlog
c:\Users\Patryk\documents\visual studio 2010\Projects\tanks-war\tanks-war\Debug\link.5400-cvtres.read.1.tlog
c:\Users\Patryk\documents\visual studio 2010\Projects\tanks-war\tanks-war\Debug\link.5400-cvtres.write.1.tlog
c:\Users\Patryk\documents\visual studio 2010\Projects\tanks-war\tanks-war\Debug\link.command.1.tlog
c:\Users\Patryk\documents\visual studio 2010\Projects\tanks-war\tanks-war\Debug\link.read.1.tlog
c:\Users\Patryk\documents\visual studio 2010\Projects\tanks-war\tanks-war\Debug\link.read.2.tlog
c:\Users\Patryk\documents\visual studio 2010\Projects\tanks-war\tanks-war\Debug\link.write.1.tlog
c:\Users\Patryk\documents\visual studio 2010\Projects\tanks-war\tanks-war\Debug\link-cvtres.read.1.tlog
c:\Users\Patryk\documents\visual studio 2010\Projects\tanks-war\tanks-war\Debug\link-cvtres.write.1.tlog
c:\Users\Patryk\documents\visual studio 2010\Projects\tanks-war\tanks-war\Debug\mt.command.1.tlog
c:\Users\Patryk\documents\visual studio 2010\Projects\tanks-war\tanks-war\Debug\mt.read.1.tlog
c:\Users\Patryk\documents\visual studio 2010\Projects\tanks-war\tanks-war\Debug\mt.write.1.tlog
c:\Users\Patryk\documents\visual studio 2010\Projects\tanks-war\tanks-war\Debug\rc.command.1.tlog
c:\Users\Patryk\documents\visual studio 2010\Projects\tanks-war\tanks-war\Debug\rc.read.1.tlog
c:\Users\Patryk\documents\visual studio 2010\Projects\tanks-war\tanks-war\Debug\rc.write.1.tlog
C:\USERS\PATRYK\DOCUMENTS\VISUAL STUDIO 2010\PROJECTS\TANKS-WAR\TANKS-WAR\DEBUG\STDAFX.OBJ
C:\USERS\PATRYK\DOCUMENTS\VISUAL STUDIO 2010\PROJECTS\TANKS-WAR\TANKS-WAR\DEBUG\TANKS-WAR.EXE.EMBED.MANIFEST
C:\USERS\PATRYK\DOCUMENTS\VISUAL STUDIO 2010\PROJECTS\TANKS-WAR\TANKS-WAR\DEBUG\TANKS-WAR.EXE.EMBED.MANIFEST.RES
C:\USERS\PATRYK\DOCUMENTS\VISUAL STUDIO 2010\PROJECTS\TANKS-WAR\TANKS-WAR\DEBUG\TANKS-WAR.EXE.INTERMEDIATE.MANIFEST
C:\USERS\PATRYK\DOCUMENTS\VISUAL STUDIO 2010\PROJECTS\TANKS-WAR\TANKS-WAR\DEBUG\TANKS-WAR.OBJ
C:\USERS\PATRYK\DOCUMENTS\VISUAL STUDIO 2010\PROJECTS\TANKS-WAR\TANKS-WAR\DEBUG\TANKS-WAR.PCH
c:\Users\Patryk\documents\visual studio 2010\Projects\tanks-war\tanks-war\Debug\tanks-war_manifest.rc
c:\Users\Patryk\documents\visual studio 2010\Projects\tanks-war\tanks-war\Debug\vc100.idb
C:\USERS\PATRYK\DOCUMENTS\VISUAL STUDIO 2010\PROJECTS\TANKS-WAR\TANKS-WAR\DEBUG\VC100.PDB
