Build started 2012-06-19 00:08:10.
     1>Project "C:\Users\Patryk\Documents\GitHub\Tanks-War\tanks-war\tanks-war.vcxproj" on node 2 (build target(s)).
     1>InitializeBuildStatus:
         Creating "Debug\tanks-war - client.unsuccessfulbuild" because "AlwaysCreate" was specified.
       ClCompile:
         All outputs are up-to-date.
         C:\Program Files (x86)\Microsoft Visual Studio 10.0\VC\bin\CL.exe /c /I"C:\Users\Patryk\Documents\Visual Studio 2010\Projects\tanks-war\tanks-war\include" /ZI /nologo /W3 /WX- /Od /Oy- /D WIN32 /D _DEBUG /D _CONSOLE /D _UNICODE /D UNICODE /Gm /EHsc /RTC1 /MDd /GS /fp:precise /Zc:wchar_t /Zc:forScope /Yu"StdAfx.h" /Fp"Debug\tanks-war - client.pch" /Fo"Debug\\" /Fd"Debug\vc100.pdb" /Gd /TP /analyze- /errorReport:prompt menu.cpp
         menu.cpp
     1>c:\users\patryk\documents\github\tanks-war\tanks-war\menu.cpp(21): warning C4244: 'argument' : conversion from 'unsigned int' to 'float', possible loss of data
       ManifestResourceCompile:
         All outputs are up-to-date.
       Link:
         C:\Program Files (x86)\Microsoft Visual Studio 10.0\VC\bin\link.exe /ERRORREPORT:PROMPT /OUT:"C:\Users\Patryk\Documents\GitHub\Tanks-War\Debug\tanks-war - client.exe" /INCREMENTAL /NOLOGO /LIBPATH:"C:\Users\Patryk\Documents\Visual Studio 2010\Projects\tanks-war\tanks-war\lib" "sfml-main-d.lib" "sfml-system-s-d.lib" "sfml-graphics-s-d.lib" "sfml-network-s-d.lib" "sfml-window-s-d.lib" "sfml-audio-s-d.lib" kernel32.lib user32.lib gdi32.lib winspool.lib comdlg32.lib advapi32.lib shell32.lib ole32.lib oleaut32.lib uuid.lib odbc32.lib odbccp32.lib /MANIFEST /ManifestFile:"Debug\tanks-war - client.exe.intermediate.manifest" /MANIFESTUAC:"level='asInvoker' uiAccess='false'" /DEBUG /PDB:"C:\Users\Patryk\Documents\GitHub\Tanks-War\Debug\tanks-war - client.pdb" /SUBSYSTEM:WINDOWS /TLBID:1 /DYNAMICBASE /NXCOMPAT /IMPLIB:"C:\Users\Patryk\Documents\GitHub\Tanks-War\Debug\tanks-war - client.lib" /MACHINE:X86 "Debug\tanks-war - client.exe.embed.manifest.res"
         Debug\ImageManager.obj
         Debug\LoadContent.obj
         Debug\menu.obj
         Debug\stdafx.obj
         "Debug\tanks-war.obj"
       Manifest:
         C:\Program Files (x86)\Microsoft SDKs\Windows\v7.0A\bin\mt.exe /nologo /verbose /out:"Debug\tanks-war - client.exe.embed.manifest" /manifest "Debug\tanks-war - client.exe.intermediate.manifest"
         All outputs are up-to-date.
       LinkEmbedManifest:
         All outputs are up-to-date.
         tanks-war.vcxproj -> C:\Users\Patryk\Documents\GitHub\Tanks-War\Debug\tanks-war - client.exe
       FinalizeBuildStatus:
         Deleting file "Debug\tanks-war - client.unsuccessfulbuild".
         Touching "Debug\tanks-war - client.lastbuildstate".
     1>Done Building Project "C:\Users\Patryk\Documents\GitHub\Tanks-War\tanks-war\tanks-war.vcxproj" (build target(s)).

Build succeeded.

Time Elapsed 00:00:00.50
