C:\USERS\PATRYK\DOCUMENTS\GITHUB\TANKS-WAR\DEBUG\TANKS-WAR - CLIENT.EXE
C:\USERS\PATRYK\DOCUMENTS\GITHUB\TANKS-WAR\DEBUG\TANKS-WAR - CLIENT.ILK
C:\USERS\PATRYK\DOCUMENTS\GITHUB\TANKS-WAR\DEBUG\TANKS-WAR - CLIENT.PDB
C:\USERS\PATRYK\DOCUMENTS\GITHUB\TANKS-WAR\TANKS-WAR\DEBUG\BULLET.OBJ
C:\Users\Patryk\Documents\GitHub\Tanks-War\tanks-war\Debug\cl.command.1.tlog
C:\Users\Patryk\Documents\GitHub\Tanks-War\tanks-war\Debug\CL.read.1.tlog
C:\Users\Patryk\Documents\GitHub\Tanks-War\tanks-war\Debug\CL.write.1.tlog
C:\USERS\PATRYK\DOCUMENTS\GITHUB\TANKS-WAR\TANKS-WAR\DEBUG\GAME.OBJ
C:\USERS\PATRYK\DOCUMENTS\GITHUB\TANKS-WAR\TANKS-WAR\DEBUG\GAMEMANAGER.OBJ
C:\USERS\PATRYK\DOCUMENTS\GITHUB\TANKS-WAR\TANKS-WAR\DEBUG\JOINGAMELOBBY.OBJ
C:\Users\Patryk\Documents\GitHub\Tanks-War\tanks-war\Debug\link.9220.read.1.tlog
C:\Users\Patryk\Documents\GitHub\Tanks-War\tanks-war\Debug\link.9220.write.1.tlog
C:\Users\Patryk\Documents\GitHub\Tanks-War\tanks-war\Debug\link.9220-cvtres.read.1.tlog
C:\Users\Patryk\Documents\GitHub\Tanks-War\tanks-war\Debug\link.9220-cvtres.write.1.tlog
C:\Users\Patryk\Documents\GitHub\Tanks-War\tanks-war\Debug\link.command.1.tlog
C:\Users\Patryk\Documents\GitHub\Tanks-War\tanks-war\Debug\link.read.1.tlog
C:\Users\Patryk\Documents\GitHub\Tanks-War\tanks-war\Debug\link.write.1.tlog
C:\Users\Patryk\Documents\GitHub\Tanks-War\tanks-war\Debug\link-cvtres.read.1.tlog
C:\Users\Patryk\Documents\GitHub\Tanks-War\tanks-war\Debug\link-cvtres.write.1.tlog
C:\USERS\PATRYK\DOCUMENTS\GITHUB\TANKS-WAR\TANKS-WAR\DEBUG\LOADCONTENT.OBJ
C:\USERS\PATRYK\DOCUMENTS\GITHUB\TANKS-WAR\TANKS-WAR\DEBUG\MAIN.OBJ
C:\USERS\PATRYK\DOCUMENTS\GITHUB\TANKS-WAR\TANKS-WAR\DEBUG\MAINMENU.OBJ
C:\Users\Patryk\Documents\GitHub\Tanks-War\tanks-war\Debug\mt.command.1.tlog
C:\Users\Patryk\Documents\GitHub\Tanks-War\tanks-war\Debug\mt.read.1.tlog
C:\Users\Patryk\Documents\GitHub\Tanks-War\tanks-war\Debug\mt.write.1.tlog
C:\USERS\PATRYK\DOCUMENTS\GITHUB\TANKS-WAR\TANKS-WAR\DEBUG\OPTIONSMENU.OBJ
C:\USERS\PATRYK\DOCUMENTS\GITHUB\TANKS-WAR\TANKS-WAR\DEBUG\PLAYER.OBJ
C:\Users\Patryk\Documents\GitHub\Tanks-War\tanks-war\Debug\rc.command.1.tlog
C:\Users\Patryk\Documents\GitHub\Tanks-War\tanks-war\Debug\rc.read.1.tlog
C:\Users\Patryk\Documents\GitHub\Tanks-War\tanks-war\Debug\rc.write.1.tlog
C:\USERS\PATRYK\DOCUMENTS\GITHUB\TANKS-WAR\TANKS-WAR\DEBUG\RESOURCEMANAGER.OBJ
C:\USERS\PATRYK\DOCUMENTS\GITHUB\TANKS-WAR\TANKS-WAR\DEBUG\STDAFX.OBJ
C:\USERS\PATRYK\DOCUMENTS\GITHUB\TANKS-WAR\TANKS-WAR\DEBUG\TANKS-WAR - CLIENT.EXE.EMBED.MANIFEST
C:\USERS\PATRYK\DOCUMENTS\GITHUB\TANKS-WAR\TANKS-WAR\DEBUG\TANKS-WAR - CLIENT.EXE.EMBED.MANIFEST.RES
C:\USERS\PATRYK\DOCUMENTS\GITHUB\TANKS-WAR\TANKS-WAR\DEBUG\TANKS-WAR - CLIENT.EXE.INTERMEDIATE.MANIFEST
C:\USERS\PATRYK\DOCUMENTS\GITHUB\TANKS-WAR\TANKS-WAR\DEBUG\TANKS-WAR - CLIENT.PCH
C:\Users\Patryk\Documents\GitHub\Tanks-War\tanks-war\Debug\tanks-war - client_manifest.rc
C:\USERS\PATRYK\DOCUMENTS\GITHUB\TANKS-WAR\TANKS-WAR\DEBUG\TEXTBOX.OBJ
C:\USERS\PATRYK\DOCUMENTS\GITHUB\TANKS-WAR\TANKS-WAR\DEBUG\TINYSTR.OBJ
C:\USERS\PATRYK\DOCUMENTS\GITHUB\TANKS-WAR\TANKS-WAR\DEBUG\TINYXML.OBJ
C:\USERS\PATRYK\DOCUMENTS\GITHUB\TANKS-WAR\TANKS-WAR\DEBUG\TINYXMLERROR.OBJ
C:\USERS\PATRYK\DOCUMENTS\GITHUB\TANKS-WAR\TANKS-WAR\DEBUG\TINYXMLPARSER.OBJ
C:\Users\Patryk\Documents\GitHub\Tanks-War\tanks-war\Debug\vc100.idb
C:\USERS\PATRYK\DOCUMENTS\GITHUB\TANKS-WAR\TANKS-WAR\DEBUG\VC100.PDB
