C:\USERS\PATRYK\DOCUMENTS\GITHUB\TANKS-WAR\DEBUG\TANKS-WAR - SERVER.EXE
C:\USERS\PATRYK\DOCUMENTS\GITHUB\TANKS-WAR\DEBUG\TANKS-WAR - SERVER.ILK
C:\USERS\PATRYK\DOCUMENTS\GITHUB\TANKS-WAR\DEBUG\TANKS-WAR - SERVER.PDB
C:\Users\Patryk\Documents\GitHub\Tanks-War\tanks-war - server\Debug\cl.command.1.tlog
C:\Users\Patryk\Documents\GitHub\Tanks-War\tanks-war - server\Debug\CL.read.1.tlog
C:\Users\Patryk\Documents\GitHub\Tanks-War\tanks-war - server\Debug\CL.write.1.tlog
C:\Users\Patryk\Documents\GitHub\Tanks-War\tanks-war - server\Debug\link.9148.read.1.tlog
C:\Users\Patryk\Documents\GitHub\Tanks-War\tanks-war - server\Debug\link.9148.read.2.tlog
C:\Users\Patryk\Documents\GitHub\Tanks-War\tanks-war - server\Debug\link.9148.write.1.tlog
C:\Users\Patryk\Documents\GitHub\Tanks-War\tanks-war - server\Debug\link.9148-cvtres.read.1.tlog
C:\Users\Patryk\Documents\GitHub\Tanks-War\tanks-war - server\Debug\link.9148-cvtres.write.1.tlog
C:\Users\Patryk\Documents\GitHub\Tanks-War\tanks-war - server\Debug\link.command.1.tlog
C:\Users\Patryk\Documents\GitHub\Tanks-War\tanks-war - server\Debug\link.read.1.tlog
C:\Users\Patryk\Documents\GitHub\Tanks-War\tanks-war - server\Debug\link.read.2.tlog
C:\Users\Patryk\Documents\GitHub\Tanks-War\tanks-war - server\Debug\link.write.1.tlog
C:\Users\Patryk\Documents\GitHub\Tanks-War\tanks-war - server\Debug\link-cvtres.read.1.tlog
C:\Users\Patryk\Documents\GitHub\Tanks-War\tanks-war - server\Debug\link-cvtres.write.1.tlog
C:\USERS\PATRYK\DOCUMENTS\GITHUB\TANKS-WAR\TANKS-WAR - SERVER\DEBUG\MAIN - SERVER.OBJ
C:\Users\Patryk\Documents\GitHub\Tanks-War\tanks-war - server\Debug\mt.command.1.tlog
C:\Users\Patryk\Documents\GitHub\Tanks-War\tanks-war - server\Debug\mt.read.1.tlog
C:\Users\Patryk\Documents\GitHub\Tanks-War\tanks-war - server\Debug\mt.write.1.tlog
C:\Users\Patryk\Documents\GitHub\Tanks-War\tanks-war - server\Debug\rc.command.1.tlog
C:\Users\Patryk\Documents\GitHub\Tanks-War\tanks-war - server\Debug\rc.read.1.tlog
C:\Users\Patryk\Documents\GitHub\Tanks-War\tanks-war - server\Debug\rc.write.1.tlog
C:\USERS\PATRYK\DOCUMENTS\GITHUB\TANKS-WAR\TANKS-WAR - SERVER\DEBUG\REMOTEPLAYER.OBJ
C:\USERS\PATRYK\DOCUMENTS\GITHUB\TANKS-WAR\TANKS-WAR - SERVER\DEBUG\SERVERMANAGER.OBJ
C:\USERS\PATRYK\DOCUMENTS\GITHUB\TANKS-WAR\TANKS-WAR - SERVER\DEBUG\STDAFX.OBJ
C:\USERS\PATRYK\DOCUMENTS\GITHUB\TANKS-WAR\TANKS-WAR - SERVER\DEBUG\TANKS-WAR - SERVER.EXE.EMBED.MANIFEST
C:\USERS\PATRYK\DOCUMENTS\GITHUB\TANKS-WAR\TANKS-WAR - SERVER\DEBUG\TANKS-WAR - SERVER.EXE.EMBED.MANIFEST.RES
C:\USERS\PATRYK\DOCUMENTS\GITHUB\TANKS-WAR\TANKS-WAR - SERVER\DEBUG\TANKS-WAR - SERVER.EXE.INTERMEDIATE.MANIFEST
C:\USERS\PATRYK\DOCUMENTS\GITHUB\TANKS-WAR\TANKS-WAR - SERVER\DEBUG\TANKS-WAR - SERVER.PCH
C:\Users\Patryk\Documents\GitHub\Tanks-War\tanks-war - server\Debug\tanks-war - server_manifest.rc
C:\Users\Patryk\Documents\GitHub\Tanks-War\tanks-war - server\Debug\vc100.idb
C:\USERS\PATRYK\DOCUMENTS\GITHUB\TANKS-WAR\TANKS-WAR - SERVER\DEBUG\VC100.PDB
