Build started 2012-08-13 20:40:52.
     1>Project "C:\Users\Patryk\Documents\GitHub\Tanks-War\tanks-war - server\tanks-war - server.vcxproj" on node 2 (rebuild target(s)).
     1>_PrepareForClean:
         Deleting file "Debug\tanks-war - server.lastbuildstate".
       InitializeBuildStatus:
         Creating "Debug\tanks-war - server.unsuccessfulbuild" because "AlwaysCreate" was specified.
       ClCompile:
         C:\Program Files (x86)\Microsoft Visual Studio 10.0\VC\bin\CL.exe /c /I"C:\Users\Patryk\Documents\GitHub\Tanks-War\tanks-war\SFML-1.6\include" /ZI /nologo /W3 /WX- /Od /Oy- /D WIN32 /D _DEBUG /D _CONSOLE /D _UNICODE /D UNICODE /Gm /EHsc /RTC1 /MDd /GS /fp:precise /Zc:wchar_t /Zc:forScope /Yc"StdAfx.h" /Fp"Debug\tanks-war - server.pch" /Fo"Debug\\" /Fd"Debug\vc100.pdb" /Gd /TP /analyze- /errorReport:prompt stdafx.cpp
         stdafx.cpp
         C:\Program Files (x86)\Microsoft Visual Studio 10.0\VC\bin\CL.exe /c /I"C:\Users\Patryk\Documents\GitHub\Tanks-War\tanks-war\SFML-1.6\include" /ZI /nologo /W3 /WX- /Od /Oy- /D WIN32 /D _DEBUG /D _CONSOLE /D _UNICODE /D UNICODE /Gm /EHsc /RTC1 /MDd /GS /fp:precise /Zc:wchar_t /Zc:forScope /Yu"StdAfx.h" /Fp"Debug\tanks-war - server.pch" /Fo"Debug\\" /Fd"Debug\vc100.pdb" /Gd /TP /analyze- /errorReport:prompt RemotePlayer.cpp ServerManager.cpp "MAIN - server.cpp"
         MAIN - server.cpp
         ServerManager.cpp
         RemotePlayer.cpp
         Generating Code...
       ManifestResourceCompile:
         C:\Program Files (x86)\Microsoft SDKs\Windows\v7.0A\bin\rc.exe /nologo /fo"Debug\tanks-war - server.exe.embed.manifest.res" "Debug\tanks-war - server_manifest.rc" 
       Link:
         C:\Program Files (x86)\Microsoft Visual Studio 10.0\VC\bin\link.exe /ERRORREPORT:PROMPT /OUT:"C:\Users\Patryk\Documents\GitHub\Tanks-War\Debug\tanks-war - server.exe" /INCREMENTAL /NOLOGO /LIBPATH:"C:\Users\Patryk\Documents\GitHub\Tanks-War\tanks-war\SFML-1.6\lib" "sfml-main-d.lib" "sfml-system-s-d.lib" "sfml-graphics-s-d.lib" "sfml-network-s-d.lib" "sfml-window-s-d.lib" kernel32.lib user32.lib gdi32.lib winspool.lib comdlg32.lib advapi32.lib shell32.lib ole32.lib oleaut32.lib uuid.lib odbc32.lib odbccp32.lib /MANIFEST /ManifestFile:"Debug\tanks-war - server.exe.intermediate.manifest" /MANIFESTUAC:"level='asInvoker' uiAccess='false'" /DEBUG /PDB:"C:\Users\Patryk\Documents\GitHub\Tanks-War\Debug\tanks-war - server.pdb" /SUBSYSTEM:CONSOLE /TLBID:1 /DYNAMICBASE /NXCOMPAT /IMPLIB:"C:\Users\Patryk\Documents\GitHub\Tanks-War\Debug\tanks-war - server.lib" /MACHINE:X86 "Debug\tanks-war - server.exe.embed.manifest.res"
         Debug\RemotePlayer.obj
         Debug\ServerManager.obj
         Debug\stdafx.obj
         "Debug\MAIN - server.obj"
     1>sfml-system-s-d.lib(Platform.obj) : warning LNK4099: PDB 'vc100.pdb' was not found with 'sfml-system-s-d.lib(Platform.obj)' or at 'C:\Users\Patryk\Documents\GitHub\Tanks-War\Debug\vc100.pdb'; linking object as if no debug info
     1>sfml-system-s-d.lib(Clock.obj) : warning LNK4099: PDB 'vc100.pdb' was not found with 'sfml-system-s-d.lib(Clock.obj)' or at 'C:\Users\Patryk\Documents\GitHub\Tanks-War\Debug\vc100.pdb'; linking object as if no debug info
     1>sfml-network-s-d.lib(SocketHelper.obj) : warning LNK4099: PDB 'vc100.pdb' was not found with 'sfml-network-s-d.lib(SocketHelper.obj)' or at 'C:\Users\Patryk\Documents\GitHub\Tanks-War\Debug\vc100.pdb'; linking object as if no debug info
     1>sfml-network-s-d.lib(Http.obj) : warning LNK4099: PDB 'vc100.pdb' was not found with 'sfml-network-s-d.lib(Http.obj)' or at 'C:\Users\Patryk\Documents\GitHub\Tanks-War\Debug\vc100.pdb'; linking object as if no debug info
     1>sfml-network-s-d.lib(IPAddress.obj) : warning LNK4099: PDB 'vc100.pdb' was not found with 'sfml-network-s-d.lib(IPAddress.obj)' or at 'C:\Users\Patryk\Documents\GitHub\Tanks-War\Debug\vc100.pdb'; linking object as if no debug info
     1>sfml-network-s-d.lib(Packet.obj) : warning LNK4099: PDB 'vc100.pdb' was not found with 'sfml-network-s-d.lib(Packet.obj)' or at 'C:\Users\Patryk\Documents\GitHub\Tanks-War\Debug\vc100.pdb'; linking object as if no debug info
     1>sfml-network-s-d.lib(SocketTCP.obj) : warning LNK4099: PDB 'vc100.pdb' was not found with 'sfml-network-s-d.lib(SocketTCP.obj)' or at 'C:\Users\Patryk\Documents\GitHub\Tanks-War\Debug\vc100.pdb'; linking object as if no debug info
     1>sfml-network-s-d.lib(SocketUDP.obj) : warning LNK4099: PDB 'vc100.pdb' was not found with 'sfml-network-s-d.lib(SocketUDP.obj)' or at 'C:\Users\Patryk\Documents\GitHub\Tanks-War\Debug\vc100.pdb'; linking object as if no debug info
       Manifest:
         Deleting file "Debug\tanks-war - server.exe.embed.manifest".
         C:\Program Files (x86)\Microsoft SDKs\Windows\v7.0A\bin\mt.exe /nologo /verbose /out:"Debug\tanks-war - server.exe.embed.manifest" /manifest "Debug\tanks-war - server.exe.intermediate.manifest"
         C:\Program Files (x86)\Microsoft SDKs\Windows\v7.0A\bin\rc.exe /nologo /fo"Debug\tanks-war - server.exe.embed.manifest.res" "Debug\tanks-war - server_manifest.rc" 
       LinkEmbedManifest:
         C:\Program Files (x86)\Microsoft Visual Studio 10.0\VC\bin\link.exe /ERRORREPORT:PROMPT /OUT:"C:\Users\Patryk\Documents\GitHub\Tanks-War\Debug\tanks-war - server.exe" /INCREMENTAL /NOLOGO /LIBPATH:"C:\Users\Patryk\Documents\GitHub\Tanks-War\tanks-war\SFML-1.6\lib" "sfml-main-d.lib" "sfml-system-s-d.lib" "sfml-graphics-s-d.lib" "sfml-network-s-d.lib" "sfml-window-s-d.lib" kernel32.lib user32.lib gdi32.lib winspool.lib comdlg32.lib advapi32.lib shell32.lib ole32.lib oleaut32.lib uuid.lib odbc32.lib odbccp32.lib /MANIFEST /ManifestFile:"Debug\tanks-war - server.exe.intermediate.manifest" /MANIFESTUAC:"level='asInvoker' uiAccess='false'" /DEBUG /PDB:"C:\Users\Patryk\Documents\GitHub\Tanks-War\Debug\tanks-war - server.pdb" /SUBSYSTEM:CONSOLE /TLBID:1 /DYNAMICBASE /NXCOMPAT /IMPLIB:"C:\Users\Patryk\Documents\GitHub\Tanks-War\Debug\tanks-war - server.lib" /MACHINE:X86 "Debug\tanks-war - server.exe.embed.manifest.res"
         Debug\RemotePlayer.obj
         Debug\ServerManager.obj
         Debug\stdafx.obj
         "Debug\MAIN - server.obj"
     1>sfml-system-s-d.lib(Platform.obj) : warning LNK4099: PDB 'vc100.pdb' was not found with 'sfml-system-s-d.lib(Platform.obj)' or at 'C:\Users\Patryk\Documents\GitHub\Tanks-War\Debug\vc100.pdb'; linking object as if no debug info
     1>sfml-system-s-d.lib(Clock.obj) : warning LNK4099: PDB 'vc100.pdb' was not found with 'sfml-system-s-d.lib(Clock.obj)' or at 'C:\Users\Patryk\Documents\GitHub\Tanks-War\Debug\vc100.pdb'; linking object as if no debug info
     1>sfml-network-s-d.lib(SocketHelper.obj) : warning LNK4099: PDB 'vc100.pdb' was not found with 'sfml-network-s-d.lib(SocketHelper.obj)' or at 'C:\Users\Patryk\Documents\GitHub\Tanks-War\Debug\vc100.pdb'; linking object as if no debug info
     1>sfml-network-s-d.lib(Http.obj) : warning LNK4099: PDB 'vc100.pdb' was not found with 'sfml-network-s-d.lib(Http.obj)' or at 'C:\Users\Patryk\Documents\GitHub\Tanks-War\Debug\vc100.pdb'; linking object as if no debug info
     1>sfml-network-s-d.lib(IPAddress.obj) : warning LNK4099: PDB 'vc100.pdb' was not found with 'sfml-network-s-d.lib(IPAddress.obj)' or at 'C:\Users\Patryk\Documents\GitHub\Tanks-War\Debug\vc100.pdb'; linking object as if no debug info
     1>sfml-network-s-d.lib(Packet.obj) : warning LNK4099: PDB 'vc100.pdb' was not found with 'sfml-network-s-d.lib(Packet.obj)' or at 'C:\Users\Patryk\Documents\GitHub\Tanks-War\Debug\vc100.pdb'; linking object as if no debug info
     1>sfml-network-s-d.lib(SocketTCP.obj) : warning LNK4099: PDB 'vc100.pdb' was not found with 'sfml-network-s-d.lib(SocketTCP.obj)' or at 'C:\Users\Patryk\Documents\GitHub\Tanks-War\Debug\vc100.pdb'; linking object as if no debug info
     1>sfml-network-s-d.lib(SocketUDP.obj) : warning LNK4099: PDB 'vc100.pdb' was not found with 'sfml-network-s-d.lib(SocketUDP.obj)' or at 'C:\Users\Patryk\Documents\GitHub\Tanks-War\Debug\vc100.pdb'; linking object as if no debug info
         tanks-war - server.vcxproj -> C:\Users\Patryk\Documents\GitHub\Tanks-War\Debug\tanks-war - server.exe
       FinalizeBuildStatus:
         Deleting file "Debug\tanks-war - server.unsuccessfulbuild".
         Touching "Debug\tanks-war - server.lastbuildstate".
     1>Done Building Project "C:\Users\Patryk\Documents\GitHub\Tanks-War\tanks-war - server\tanks-war - server.vcxproj" (rebuild target(s)).

Build succeeded.

Time Elapsed 00:00:01.94
